Using pre-set license
Built from '2020.3/staging' branch; Version is '2020.3.11f1 (99c7afb366b3) revision 10078127'; Using compiler version '192528614'; Build Type 'Release'
OS: 'Windows 10 Home Single Language; OS build 19043.1052; Version 2009; 64bit' Language: 'tr' Physical Memory: 16222 MB
BatchMode: 1, IsHumanControllingUs: 0, StartBugReporterOnCrash: 0, Is64bit: 1, IsPro: 0

 COMMAND LINE ARGUMENTS:
C:\Program Files\Unity\Hub\Editor\2020.3.11f1\Editor\Unity.exe
-adb2
-batchMode
-noUpm
-name
AssetImportWorker0
-projectPath
C:/Users/ege-e/Documents/Create with code/Unity-learn-junior-programmer/Prototype 5
-logFile
Logs/AssetImportWorker0.log
-srvPort
65153
Successfully changed project path to: C:/Users/ege-e/Documents/Create with code/Unity-learn-junior-programmer/Prototype 5
C:/Users/ege-e/Documents/Create with code/Unity-learn-junior-programmer/Prototype 5
Using Asset Import Pipeline V2.
Refreshing native plugins compatible for Editor in 42.61 ms, found 2 plugins.
Preloading 0 native plugins for Editor in 0.00 ms.
Initialize engine version: 2020.3.11f1 (99c7afb366b3)
[Subsystems] Discovering subsystems at path C:/Program Files/Unity/Hub/Editor/2020.3.11f1/Editor/Data/Resources/UnitySubsystems
[Subsystems] Discovering subsystems at path C:/Users/ege-e/Documents/Create with code/Unity-learn-junior-programmer/Prototype 5/Assets
GfxDevice: creating device client; threaded=0
Direct3D:
    Version:  Direct3D 11.0 [level 11.1]
    Renderer: NVIDIA GeForce RTX 3060 Laptop GPU (ID=0x2520)
    Vendor:   
    VRAM:     6023 MB
    Driver:   27.21.14.6627
Initialize mono
Mono path[0] = 'C:/Program Files/Unity/Hub/Editor/2020.3.11f1/Editor/Data/Managed'
Mono path[1] = 'C:/Program Files/Unity/Hub/Editor/2020.3.11f1/Editor/Data/MonoBleedingEdge/lib/mono/unityjit'
Mono config path = 'C:/Program Files/Unity/Hub/Editor/2020.3.11f1/Editor/Data/MonoBleedingEdge/etc'
Using monoOptions --debugger-agent=transport=dt_socket,embedding=1,server=y,suspend=n,address=127.0.0.1:56960
Begin MonoManager ReloadAssembly
Registering precompiled unity dll's ...
Register platform support module: C:/Program Files/Unity/Hub/Editor/2020.3.11f1/Editor/Data/PlaybackEngines/WebGLSupport/UnityEditor.WebGL.Extensions.dll
Register platform support module: C:/Program Files/Unity/Hub/Editor/2020.3.11f1/Editor/Data/PlaybackEngines/WindowsStandaloneSupport/UnityEditor.WindowsStandalone.Extensions.dll
Registered in 0.003539 seconds.
Native extension for WindowsStandalone target not found
Native extension for WebGL target not found
Refreshing native plugins compatible for Editor in 35.71 ms, found 2 plugins.
Preloading 0 native plugins for Editor in 0.00 ms.
Mono: successfully reloaded assembly
- Completed reload, in  1.476 seconds
Platform modules already initialized, skipping
Registering precompiled user dll's ...
Registered in 0.006777 seconds.
Begin MonoManager ReloadAssembly
Native extension for WindowsStandalone target not found
Native extension for WebGL target not found
Refreshing native plugins compatible for Editor in 0.33 ms, found 2 plugins.
Preloading 0 native plugins for Editor in 0.00 ms.
Mono: successfully reloaded assembly
- Completed reload, in  1.329 seconds
Platform modules already initialized, skipping
========================================================================
Worker process is ready to serve import requests
Launched and connected shader compiler UnityShaderCompiler.exe after 0.06 seconds
Refreshing native plugins compatible for Editor in 0.40 ms, found 2 plugins.
Preloading 0 native plugins for Editor in 0.00 ms.
Unloading 1390 Unused Serialized files (Serialized files now loaded: 0)
System memory in use before: 66.1 MB.
System memory in use after: 66.1 MB.

Unloading 19 unused Assets to reduce memory usage. Loaded Objects now: 1826.
Total: 2.704600 ms (FindLiveObjects: 0.187700 ms CreateObjectMapping: 0.069300 ms MarkObjects: 2.339700 ms  DeleteObjects: 0.106000 ms)

========================================================================
Received Import Request.
  path: Assets/Scripts/Target.cs
  artifactKey: Guid(1f77add8518036a40a4360d994c336e3) Importer(815301076,1909f56bfc062723c751e8b465ee728b)
Start importing Assets/Scripts/Target.cs using Guid(1f77add8518036a40a4360d994c336e3) Importer(815301076,1909f56bfc062723c751e8b465ee728b)  -> (artifact id: '66ad392aaf0493178b6aa82fcccfd524') in 0.028711 seconds
  Import took 0.033769 seconds .

========================================================================
Received Prepare
Refreshing native plugins compatible for Editor in 15.53 ms, found 2 plugins.
Preloading 0 native plugins for Editor in 0.00 ms.
Unloading 12 Unused Serialized files (Serialized files now loaded: 0)
System memory in use before: 38.2 MB.
System memory in use after: 38.2 MB.

Unloading 12 unused Assets to reduce memory usage. Loaded Objects now: 1826.
Total: 5.817100 ms (FindLiveObjects: 0.619500 ms CreateObjectMapping: 0.579700 ms MarkObjects: 4.514700 ms  DeleteObjects: 0.100400 ms)

========================================================================
Received Import Request.
  Time since last request: 17.477001 seconds.
  path: Assets/Prefabs/Good 1.prefab
  artifactKey: Guid(ff3f295fc9210ed4b839949a19b9a578) Importer(815301076,1909f56bfc062723c751e8b465ee728b)
Start importing Assets/Prefabs/Good 1.prefab using Guid(ff3f295fc9210ed4b839949a19b9a578) Importer(815301076,1909f56bfc062723c751e8b465ee728b)  -> (artifact id: '441aff14658c8dc848b06c1dba529da4') in 0.318636 seconds
  Import took 0.324941 seconds .

========================================================================
Received Prepare
Registering precompiled user dll's ...
Registered in 0.006314 seconds.
Begin MonoManager ReloadAssembly
Native extension for WindowsStandalone target not found
Native extension for WebGL target not found
Refreshing native plugins compatible for Editor in 0.46 ms, found 2 plugins.
Preloading 0 native plugins for Editor in 0.00 ms.
Mono: successfully reloaded assembly
- Completed reload, in  1.529 seconds
Platform modules already initialized, skipping
Refreshing native plugins compatible for Editor in 0.45 ms, found 2 plugins.
Preloading 0 native plugins for Editor in 0.00 ms.
Unloading 1397 Unused Serialized files (Serialized files now loaded: 0)
System memory in use before: 71.0 MB.
System memory in use after: 70.5 MB.

Unloading 27 unused Assets to reduce memory usage. Loaded Objects now: 1836.
Total: 3.267000 ms (FindLiveObjects: 0.209800 ms CreateObjectMapping: 0.073900 ms MarkObjects: 2.526300 ms  DeleteObjects: 0.455400 ms)

========================================================================
Received Prepare
Registering precompiled user dll's ...
Registered in 0.007935 seconds.
Begin MonoManager ReloadAssembly
Native extension for WindowsStandalone target not found
Native extension for WebGL target not found
Refreshing native plugins compatible for Editor in 0.30 ms, found 2 plugins.
Preloading 0 native plugins for Editor in 0.00 ms.
Mono: successfully reloaded assembly
- Completed reload, in  0.990 seconds
Platform modules already initialized, skipping
Refreshing native plugins compatible for Editor in 0.32 ms, found 2 plugins.
Preloading 0 native plugins for Editor in 0.00 ms.
Unloading 1397 Unused Serialized files (Serialized files now loaded: 0)
System memory in use before: 71.1 MB.
System memory in use after: 70.5 MB.

Unloading 27 unused Assets to reduce memory usage. Loaded Objects now: 1839.
Total: 2.081100 ms (FindLiveObjects: 0.168500 ms CreateObjectMapping: 0.047400 ms MarkObjects: 1.470600 ms  DeleteObjects: 0.393700 ms)

========================================================================
Received Import Request.
  Time since last request: 5396.930330 seconds.
  path: Assets/Scripts/GameManager.cs
  artifactKey: Guid(4ebacab26987d5c4d90ab35def8a1722) Importer(815301076,1909f56bfc062723c751e8b465ee728b)
Start importing Assets/Scripts/GameManager.cs using Guid(4ebacab26987d5c4d90ab35def8a1722) Importer(815301076,1909f56bfc062723c751e8b465ee728b)  -> (artifact id: 'cc4cf4290c51af97558b1f4284a0ef66') in 0.016065 seconds
  Import took 0.019759 seconds .

========================================================================
Received Prepare
Registering precompiled user dll's ...
Registered in 0.004987 seconds.
Begin MonoManager ReloadAssembly
Native extension for WindowsStandalone target not found
Native extension for WebGL target not found
Refreshing native plugins compatible for Editor in 0.30 ms, found 2 plugins.
Preloading 0 native plugins for Editor in 0.00 ms.
Mono: successfully reloaded assembly
- Completed reload, in  1.175 seconds
Platform modules already initialized, skipping
Refreshing native plugins compatible for Editor in 0.40 ms, found 2 plugins.
Preloading 0 native plugins for Editor in 0.00 ms.
Unloading 1397 Unused Serialized files (Serialized files now loaded: 0)
System memory in use before: 71.1 MB.
System memory in use after: 70.5 MB.

Unloading 27 unused Assets to reduce memory usage. Loaded Objects now: 1842.
Total: 2.355000 ms (FindLiveObjects: 0.143800 ms CreateObjectMapping: 0.045300 ms MarkObjects: 1.670100 ms  DeleteObjects: 0.494800 ms)

========================================================================
Received Prepare
Registering precompiled user dll's ...
Registered in 0.004811 seconds.
Begin MonoManager ReloadAssembly
Native extension for WindowsStandalone target not found
Native extension for WebGL target not found
Refreshing native plugins compatible for Editor in 0.37 ms, found 2 plugins.
Preloading 0 native plugins for Editor in 0.00 ms.
Mono: successfully reloaded assembly
- Completed reload, in  1.032 seconds
Platform modules already initialized, skipping
Refreshing native plugins compatible for Editor in 0.40 ms, found 2 plugins.
Preloading 0 native plugins for Editor in 0.00 ms.
Unloading 1397 Unused Serialized files (Serialized files now loaded: 0)
System memory in use before: 71.1 MB.
System memory in use after: 70.5 MB.

Unloading 27 unused Assets to reduce memory usage. Loaded Objects now: 1845.
Total: 2.622600 ms (FindLiveObjects: 0.186500 ms CreateObjectMapping: 0.060600 ms MarkObjects: 1.951100 ms  DeleteObjects: 0.423000 ms)

========================================================================
Received Prepare
Registering precompiled user dll's ...
Registered in 0.005473 seconds.
Begin MonoManager ReloadAssembly
Native extension for WindowsStandalone target not found
Native extension for WebGL target not found
Refreshing native plugins compatible for Editor in 0.35 ms, found 2 plugins.
Preloading 0 native plugins for Editor in 0.00 ms.
Mono: successfully reloaded assembly
- Completed reload, in  1.179 seconds
Platform modules already initialized, skipping
Refreshing native plugins compatible for Editor in 0.41 ms, found 2 plugins.
Preloading 0 native plugins for Editor in 0.00 ms.
Unloading 1397 Unused Serialized files (Serialized files now loaded: 0)
System memory in use before: 71.1 MB.
System memory in use after: 70.5 MB.

Unloading 27 unused Assets to reduce memory usage. Loaded Objects now: 1848.
Total: 2.247000 ms (FindLiveObjects: 0.150600 ms CreateObjectMapping: 0.048500 ms MarkObjects: 1.667300 ms  DeleteObjects: 0.379600 ms)

========================================================================
Received Prepare
Registering precompiled user dll's ...
Registered in 0.005049 seconds.
Begin MonoManager ReloadAssembly
Native extension for WindowsStandalone target not found
Native extension for WebGL target not found
Refreshing native plugins compatible for Editor in 0.31 ms, found 2 plugins.
Preloading 0 native plugins for Editor in 0.00 ms.
Mono: successfully reloaded assembly
- Completed reload, in  1.133 seconds
Platform modules already initialized, skipping
Refreshing native plugins compatible for Editor in 0.39 ms, found 2 plugins.
Preloading 0 native plugins for Editor in 0.00 ms.
Unloading 1397 Unused Serialized files (Serialized files now loaded: 0)
System memory in use before: 71.1 MB.
System memory in use after: 70.5 MB.

Unloading 27 unused Assets to reduce memory usage. Loaded Objects now: 1851.
Total: 2.601700 ms (FindLiveObjects: 0.192100 ms CreateObjectMapping: 0.068800 ms MarkObjects: 1.853800 ms  DeleteObjects: 0.485800 ms)

========================================================================
Received Import Request.
  Time since last request: 5797.450132 seconds.
  path: Assets/Prefabs/Bad 1.prefab
  artifactKey: Guid(d2cc038c55420fc40b1a776bbe0cb8e4) Importer(815301076,1909f56bfc062723c751e8b465ee728b)
Start importing Assets/Prefabs/Bad 1.prefab using Guid(d2cc038c55420fc40b1a776bbe0cb8e4) Importer(815301076,1909f56bfc062723c751e8b465ee728b)  -> (artifact id: 'e3fb1c9170d76f6494b339bca0a48acf') in 0.195818 seconds
  Import took 0.198833 seconds .

========================================================================
Received Import Request.
  Time since last request: 13.975397 seconds.
  path: Assets/Prefabs/Good 1.prefab
  artifactKey: Guid(ff3f295fc9210ed4b839949a19b9a578) Importer(815301076,1909f56bfc062723c751e8b465ee728b)
Start importing Assets/Prefabs/Good 1.prefab using Guid(ff3f295fc9210ed4b839949a19b9a578) Importer(815301076,1909f56bfc062723c751e8b465ee728b)  -> (artifact id: 'efc109fc705e11d439122a84af32ce1c') in 0.016147 seconds
  Import took 0.019783 seconds .

========================================================================
Received Import Request.
  Time since last request: 7.337844 seconds.
  path: Assets/Prefabs/Good 1.prefab
  artifactKey: Guid(ff3f295fc9210ed4b839949a19b9a578) Importer(815301076,1909f56bfc062723c751e8b465ee728b)
Start importing Assets/Prefabs/Good 1.prefab using Guid(ff3f295fc9210ed4b839949a19b9a578) Importer(815301076,1909f56bfc062723c751e8b465ee728b)  -> (artifact id: '465a61dfa8f9ffdd06bc86e52097d457') in 0.011924 seconds
  Import took 0.014963 seconds .

========================================================================
Received Import Request.
  Time since last request: 3.625098 seconds.
  path: Assets/Prefabs/Good 2.prefab
  artifactKey: Guid(0a7bd7a2283a554459b36cb67609e202) Importer(815301076,1909f56bfc062723c751e8b465ee728b)
Start importing Assets/Prefabs/Good 2.prefab using Guid(0a7bd7a2283a554459b36cb67609e202) Importer(815301076,1909f56bfc062723c751e8b465ee728b)  -> (artifact id: '0a13268bbdcbb02b7c84c109b8108319') in 0.015513 seconds
  Import took 0.019320 seconds .

========================================================================
Received Import Request.
  Time since last request: 3.719942 seconds.
  path: Assets/Prefabs/Good 1.prefab
  artifactKey: Guid(ff3f295fc9210ed4b839949a19b9a578) Importer(815301076,1909f56bfc062723c751e8b465ee728b)
Start importing Assets/Prefabs/Good 1.prefab using Guid(ff3f295fc9210ed4b839949a19b9a578) Importer(815301076,1909f56bfc062723c751e8b465ee728b)  -> (artifact id: 'd5915007eeb8998cf1ffe0e88ab1eb90') in 0.011301 seconds
  Import took 0.022866 seconds .

========================================================================
Received Import Request.
  Time since last request: 2.284437 seconds.
  path: Assets/Prefabs/Good 3.prefab
  artifactKey: Guid(d3d0b784c16bfb64d8fc4d34be8f5315) Importer(815301076,1909f56bfc062723c751e8b465ee728b)
Start importing Assets/Prefabs/Good 3.prefab using Guid(d3d0b784c16bfb64d8fc4d34be8f5315) Importer(815301076,1909f56bfc062723c751e8b465ee728b)  -> (artifact id: '212550a0f5a32ca48c3551567d9c696d') in 0.012103 seconds
  Import took 0.015771 seconds .

========================================================================
Received Import Request.
  Time since last request: 3.238720 seconds.
  path: Assets/Prefabs/Good 3.prefab
  artifactKey: Guid(d3d0b784c16bfb64d8fc4d34be8f5315) Importer(815301076,1909f56bfc062723c751e8b465ee728b)
Start importing Assets/Prefabs/Good 3.prefab using Guid(d3d0b784c16bfb64d8fc4d34be8f5315) Importer(815301076,1909f56bfc062723c751e8b465ee728b)  -> (artifact id: 'c5b1446ae3aa9da8b6102c4a54b18c73') in 0.010838 seconds
  Import took 0.014181 seconds .

========================================================================
Received Import Request.
  Time since last request: 10.264037 seconds.
  path: Assets/Prefabs/Good 2.prefab
  artifactKey: Guid(0a7bd7a2283a554459b36cb67609e202) Importer(815301076,1909f56bfc062723c751e8b465ee728b)
Start importing Assets/Prefabs/Good 2.prefab using Guid(0a7bd7a2283a554459b36cb67609e202) Importer(815301076,1909f56bfc062723c751e8b465ee728b)  -> (artifact id: '5d53dbd6d82bd14da672860ee493909c') in 0.011119 seconds
  Import took 0.014354 seconds .

========================================================================
Received Prepare
Registering precompiled user dll's ...
Registered in 0.004386 seconds.
Begin MonoManager ReloadAssembly
Native extension for WindowsStandalone target not found
Native extension for WebGL target not found
Refreshing native plugins compatible for Editor in 0.36 ms, found 2 plugins.
Preloading 0 native plugins for Editor in 0.00 ms.
Mono: successfully reloaded assembly
- Completed reload, in  1.117 seconds
Platform modules already initialized, skipping
Refreshing native plugins compatible for Editor in 0.60 ms, found 2 plugins.
Preloading 0 native plugins for Editor in 0.00 ms.
Unloading 1397 Unused Serialized files (Serialized files now loaded: 0)
System memory in use before: 71.1 MB.
System memory in use after: 70.6 MB.

Unloading 27 unused Assets to reduce memory usage. Loaded Objects now: 1855.
Total: 2.751200 ms (FindLiveObjects: 0.190800 ms CreateObjectMapping: 0.061300 ms MarkObjects: 2.039400 ms  DeleteObjects: 0.458200 ms)

========================================================================
Received Prepare
Registering precompiled user dll's ...
Registered in 0.004978 seconds.
Begin MonoManager ReloadAssembly
Native extension for WindowsStandalone target not found
Native extension for WebGL target not found
Refreshing native plugins compatible for Editor in 0.31 ms, found 2 plugins.
Preloading 0 native plugins for Editor in 0.00 ms.
Mono: successfully reloaded assembly
- Completed reload, in  1.229 seconds
Platform modules already initialized, skipping
Refreshing native plugins compatible for Editor in 0.40 ms, found 2 plugins.
Preloading 0 native plugins for Editor in 0.00 ms.
Unloading 1397 Unused Serialized files (Serialized files now loaded: 0)
System memory in use before: 71.1 MB.
System memory in use after: 70.6 MB.

Unloading 27 unused Assets to reduce memory usage. Loaded Objects now: 1858.
Total: 2.641500 ms (FindLiveObjects: 0.177800 ms CreateObjectMapping: 0.060300 ms MarkObjects: 1.883600 ms  DeleteObjects: 0.518700 ms)

========================================================================
Received Import Request.
  Time since last request: 167.308738 seconds.
  path: Assets/Course Library/Particles/Explosion_Black.prefab
  artifactKey: Guid(c7ad2532a6eeb40b59033c75e71fa054) Importer(815301076,1909f56bfc062723c751e8b465ee728b)
Start importing Assets/Course Library/Particles/Explosion_Black.prefab using Guid(c7ad2532a6eeb40b59033c75e71fa054) Importer(815301076,1909f56bfc062723c751e8b465ee728b)  -> (artifact id: 'fbd4610d4c14782ef731deea2eb210b3') in 0.032922 seconds
  Import took 0.035704 seconds .

========================================================================
Received Import Request.
  Time since last request: 0.038189 seconds.
  path: Assets/Course Library/Particles/Explosion_Black.prefab
  artifactKey: Guid(c7ad2532a6eeb40b59033c75e71fa054) Importer(815301076,1909f56bfc062723c751e8b465ee728b)
Start importing Assets/Course Library/Particles/Explosion_Black.prefab using Guid(c7ad2532a6eeb40b59033c75e71fa054) Importer(815301076,1909f56bfc062723c751e8b465ee728b)  -> (artifact id: 'fbd4610d4c14782ef731deea2eb210b3') in 0.005776 seconds
  Import took 0.008970 seconds .

========================================================================
Received Prepare
Registering precompiled user dll's ...
Registered in 0.006210 seconds.
Begin MonoManager ReloadAssembly
Native extension for WindowsStandalone target not found
Native extension for WebGL target not found
Refreshing native plugins compatible for Editor in 0.42 ms, found 2 plugins.
Preloading 0 native plugins for Editor in 0.00 ms.
Mono: successfully reloaded assembly
- Completed reload, in  1.282 seconds
Platform modules already initialized, skipping
Refreshing native plugins compatible for Editor in 0.59 ms, found 2 plugins.
Preloading 0 native plugins for Editor in 0.00 ms.
Unloading 1397 Unused Serialized files (Serialized files now loaded: 0)
System memory in use before: 71.2 MB.
System memory in use after: 70.6 MB.

Unloading 27 unused Assets to reduce memory usage. Loaded Objects now: 1862.
Total: 2.849300 ms (FindLiveObjects: 0.182400 ms CreateObjectMapping: 0.058100 ms MarkObjects: 2.158800 ms  DeleteObjects: 0.448700 ms)

========================================================================
Received Import Request.
  Time since last request: 1904.279550 seconds.
  path: Assets/Prefabs/Bad 1.prefab
  artifactKey: Guid(d2cc038c55420fc40b1a776bbe0cb8e4) Importer(815301076,1909f56bfc062723c751e8b465ee728b)
Start importing Assets/Prefabs/Bad 1.prefab using Guid(d2cc038c55420fc40b1a776bbe0cb8e4) Importer(815301076,1909f56bfc062723c751e8b465ee728b)  -> (artifact id: 'fb549def4e903b9b42493f5053497b6b') in 0.105075 seconds
  Import took 0.108854 seconds .

========================================================================
Received Import Request.
  Time since last request: 0.004985 seconds.
  path: Assets/Prefabs/Bad 1.prefab
  artifactKey: Guid(d2cc038c55420fc40b1a776bbe0cb8e4) Importer(815301076,1909f56bfc062723c751e8b465ee728b)
Start importing Assets/Prefabs/Bad 1.prefab using Guid(d2cc038c55420fc40b1a776bbe0cb8e4) Importer(815301076,1909f56bfc062723c751e8b465ee728b)  -> (artifact id: 'fb549def4e903b9b42493f5053497b6b') in 0.024568 seconds
  Import took 0.028004 seconds .

========================================================================
Received Import Request.
  Time since last request: 7.570504 seconds.
  path: Assets/Course Library/Particles/Explosion_Green.prefab
  artifactKey: Guid(6cbc21f5e9162483993a2b84b14d5ac8) Importer(815301076,1909f56bfc062723c751e8b465ee728b)
Start importing Assets/Course Library/Particles/Explosion_Green.prefab using Guid(6cbc21f5e9162483993a2b84b14d5ac8) Importer(815301076,1909f56bfc062723c751e8b465ee728b)  -> (artifact id: 'b3dadf9e59c1cbf787b84aaffdf056e1') in 0.011548 seconds
  Import took 0.023624 seconds .

========================================================================
Received Import Request.
  Time since last request: 0.053651 seconds.
  path: Assets/Course Library/Particles/Explosion_Green.prefab
  artifactKey: Guid(6cbc21f5e9162483993a2b84b14d5ac8) Importer(815301076,1909f56bfc062723c751e8b465ee728b)
Start importing Assets/Course Library/Particles/Explosion_Green.prefab using Guid(6cbc21f5e9162483993a2b84b14d5ac8) Importer(815301076,1909f56bfc062723c751e8b465ee728b)  -> (artifact id: 'b3dadf9e59c1cbf787b84aaffdf056e1') in 0.006310 seconds
  Import took 0.009340 seconds .

========================================================================
Received Import Request.
  Time since last request: 1.064526 seconds.
  path: Assets/Course Library/Particles/Explosion_Brown.prefab
  artifactKey: Guid(70a1428e5f80a4866a779ef1ab9fe521) Importer(815301076,1909f56bfc062723c751e8b465ee728b)
Start importing Assets/Course Library/Particles/Explosion_Brown.prefab using Guid(70a1428e5f80a4866a779ef1ab9fe521) Importer(815301076,1909f56bfc062723c751e8b465ee728b)  -> (artifact id: '738d4aa0df30ef67cc94c4e85d3f262a') in 0.007045 seconds
  Import took 0.010100 seconds .

========================================================================
Received Import Request.
  Time since last request: 0.004100 seconds.
  path: Assets/Course Library/Particles/Explosion_Brown.prefab
  artifactKey: Guid(70a1428e5f80a4866a779ef1ab9fe521) Importer(815301076,1909f56bfc062723c751e8b465ee728b)
Start importing Assets/Course Library/Particles/Explosion_Brown.prefab using Guid(70a1428e5f80a4866a779ef1ab9fe521) Importer(815301076,1909f56bfc062723c751e8b465ee728b)  -> (artifact id: '738d4aa0df30ef67cc94c4e85d3f262a') in 0.005851 seconds
  Import took 0.008863 seconds .

========================================================================
Received Import Request.
  Time since last request: 3.945021 seconds.
  path: Assets/Course Library/Particles/Explosion_Blue.prefab
  artifactKey: Guid(743ce290c74ae49c19aa3f128322fc7e) Importer(815301076,1909f56bfc062723c751e8b465ee728b)
Start importing Assets/Course Library/Particles/Explosion_Blue.prefab using Guid(743ce290c74ae49c19aa3f128322fc7e) Importer(815301076,1909f56bfc062723c751e8b465ee728b)  -> (artifact id: 'cd702499fba5674d3034f5dbb169f256') in 0.007727 seconds
  Import took 0.019164 seconds .

========================================================================
Received Import Request.
  Time since last request: 2.626702 seconds.
  path: Assets/Course Library/Particles/Explosion_Grey.prefab
  artifactKey: Guid(ac10190cf200c4f7e881ca8e41d3d760) Importer(815301076,1909f56bfc062723c751e8b465ee728b)
Start importing Assets/Course Library/Particles/Explosion_Grey.prefab using Guid(ac10190cf200c4f7e881ca8e41d3d760) Importer(815301076,1909f56bfc062723c751e8b465ee728b)  -> (artifact id: '5b2d207c97f062a55fd0d6603d98fd51') in 0.007204 seconds
  Import took 0.010686 seconds .

========================================================================
Received Import Request.
  Time since last request: 0.004612 seconds.
  path: Assets/Course Library/Particles/Explosion_Grey.prefab
  artifactKey: Guid(ac10190cf200c4f7e881ca8e41d3d760) Importer(815301076,1909f56bfc062723c751e8b465ee728b)
Start importing Assets/Course Library/Particles/Explosion_Grey.prefab using Guid(ac10190cf200c4f7e881ca8e41d3d760) Importer(815301076,1909f56bfc062723c751e8b465ee728b)  -> (artifact id: '5b2d207c97f062a55fd0d6603d98fd51') in 0.006404 seconds
  Import took 0.009310 seconds .

========================================================================
Received Import Request.
  Time since last request: 0.525442 seconds.
  path: Assets/Course Library/Particles/Explosion_Orange.prefab
  artifactKey: Guid(ec46c8c4a3cbc429382ee48bd9169b45) Importer(815301076,1909f56bfc062723c751e8b465ee728b)
Start importing Assets/Course Library/Particles/Explosion_Orange.prefab using Guid(ec46c8c4a3cbc429382ee48bd9169b45) Importer(815301076,1909f56bfc062723c751e8b465ee728b)  -> (artifact id: '25f85196bb80dd79a5061b0d718a23cd') in 0.009529 seconds
  Import took 0.014447 seconds .

========================================================================
Received Import Request.
  Time since last request: 0.004272 seconds.
  path: Assets/Course Library/Particles/Explosion_Orange.prefab
  artifactKey: Guid(ec46c8c4a3cbc429382ee48bd9169b45) Importer(815301076,1909f56bfc062723c751e8b465ee728b)
Start importing Assets/Course Library/Particles/Explosion_Orange.prefab using Guid(ec46c8c4a3cbc429382ee48bd9169b45) Importer(815301076,1909f56bfc062723c751e8b465ee728b)  -> (artifact id: '25f85196bb80dd79a5061b0d718a23cd') in 0.007176 seconds
  Import took 0.011411 seconds .

========================================================================
Received Import Request.
  Time since last request: 27.446428 seconds.
  path: Assets/Prefabs/Bad 1.prefab
  artifactKey: Guid(d2cc038c55420fc40b1a776bbe0cb8e4) Importer(815301076,1909f56bfc062723c751e8b465ee728b)
Start importing Assets/Prefabs/Bad 1.prefab using Guid(d2cc038c55420fc40b1a776bbe0cb8e4) Importer(815301076,1909f56bfc062723c751e8b465ee728b)  -> (artifact id: '8abb0dbb0a81199604bf97f64db50534') in 0.018646 seconds
  Import took 0.022176 seconds .

========================================================================
Received Import Request.
  Time since last request: 1.166686 seconds.
  path: Assets/Prefabs/Good 1.prefab
  artifactKey: Guid(ff3f295fc9210ed4b839949a19b9a578) Importer(815301076,1909f56bfc062723c751e8b465ee728b)
Start importing Assets/Prefabs/Good 1.prefab using Guid(ff3f295fc9210ed4b839949a19b9a578) Importer(815301076,1909f56bfc062723c751e8b465ee728b)  -> (artifact id: '4359ab1f5f6736d88633558a118bc740') in 0.013260 seconds
  Import took 0.016047 seconds .

========================================================================
Received Import Request.
  Time since last request: 5.664351 seconds.
  path: Assets/Course Library/Particles/Explosion_Pink.prefab
  artifactKey: Guid(7b4191607aae74c0ab244a8d6e48adbf) Importer(815301076,1909f56bfc062723c751e8b465ee728b)
Start importing Assets/Course Library/Particles/Explosion_Pink.prefab using Guid(7b4191607aae74c0ab244a8d6e48adbf) Importer(815301076,1909f56bfc062723c751e8b465ee728b)  -> (artifact id: '33720400d0a1d5807692b0d49ea185dd') in 0.006896 seconds
  Import took 0.019413 seconds .

========================================================================
Received Import Request.
  Time since last request: 0.717290 seconds.
  path: Assets/Course Library/Particles/Explosion_Purple.prefab
  artifactKey: Guid(ef43e5aef41c142fb85a7658a397dc75) Importer(815301076,1909f56bfc062723c751e8b465ee728b)
Start importing Assets/Course Library/Particles/Explosion_Purple.prefab using Guid(ef43e5aef41c142fb85a7658a397dc75) Importer(815301076,1909f56bfc062723c751e8b465ee728b)  -> (artifact id: 'e232a7ec081e30a050720feacc47d22a') in 0.006215 seconds
  Import took 0.008921 seconds .

========================================================================
Received Import Request.
  Time since last request: 0.004654 seconds.
  path: Assets/Course Library/Particles/Explosion_Purple.prefab
  artifactKey: Guid(ef43e5aef41c142fb85a7658a397dc75) Importer(815301076,1909f56bfc062723c751e8b465ee728b)
Start importing Assets/Course Library/Particles/Explosion_Purple.prefab using Guid(ef43e5aef41c142fb85a7658a397dc75) Importer(815301076,1909f56bfc062723c751e8b465ee728b)  -> (artifact id: 'e232a7ec081e30a050720feacc47d22a') in 0.005942 seconds
  Import took 0.008947 seconds .

========================================================================
Received Import Request.
  Time since last request: 5.069863 seconds.
  path: Assets/Prefabs/Good 1.prefab
  artifactKey: Guid(ff3f295fc9210ed4b839949a19b9a578) Importer(815301076,1909f56bfc062723c751e8b465ee728b)
Start importing Assets/Prefabs/Good 1.prefab using Guid(ff3f295fc9210ed4b839949a19b9a578) Importer(815301076,1909f56bfc062723c751e8b465ee728b)  -> (artifact id: '2b8884387ef5066aa25a407f452acded') in 0.013680 seconds
  Import took 0.017327 seconds .

========================================================================
Received Import Request.
  Time since last request: 2.408908 seconds.
  path: Assets/Prefabs/Good 2.prefab
  artifactKey: Guid(0a7bd7a2283a554459b36cb67609e202) Importer(815301076,1909f56bfc062723c751e8b465ee728b)
Start importing Assets/Prefabs/Good 2.prefab using Guid(0a7bd7a2283a554459b36cb67609e202) Importer(815301076,1909f56bfc062723c751e8b465ee728b)  -> (artifact id: '4b94879e2d78670f1da1e569a94397e5') in 0.012022 seconds
  Import took 0.015328 seconds .

========================================================================
Received Import Request.
  Time since last request: 5.674473 seconds.
  path: Assets/Course Library/Particles/Explosion_Red.prefab
  artifactKey: Guid(745208c9d6e104225bd99e1ab894e3bb) Importer(815301076,1909f56bfc062723c751e8b465ee728b)
Start importing Assets/Course Library/Particles/Explosion_Red.prefab using Guid(745208c9d6e104225bd99e1ab894e3bb) Importer(815301076,1909f56bfc062723c751e8b465ee728b)  -> (artifact id: '18372bbc4c275cb952e2b43461094680') in 0.007178 seconds
  Import took 0.010261 seconds .

========================================================================
Received Import Request.
  Time since last request: 0.004004 seconds.
  path: Assets/Course Library/Particles/Explosion_Red.prefab
  artifactKey: Guid(745208c9d6e104225bd99e1ab894e3bb) Importer(815301076,1909f56bfc062723c751e8b465ee728b)
Start importing Assets/Course Library/Particles/Explosion_Red.prefab using Guid(745208c9d6e104225bd99e1ab894e3bb) Importer(815301076,1909f56bfc062723c751e8b465ee728b)  -> (artifact id: '18372bbc4c275cb952e2b43461094680') in 0.006724 seconds
  Import took 0.009533 seconds .

========================================================================
Received Import Request.
  Time since last request: 0.445972 seconds.
  path: Assets/Course Library/Particles/Explosion_Yellow.prefab
  artifactKey: Guid(307229a5540374aae98859caad2128a3) Importer(815301076,1909f56bfc062723c751e8b465ee728b)
Start importing Assets/Course Library/Particles/Explosion_Yellow.prefab using Guid(307229a5540374aae98859caad2128a3) Importer(815301076,1909f56bfc062723c751e8b465ee728b)  -> (artifact id: '37494daffba474ff10741c4891d9c613') in 0.006585 seconds
  Import took 0.019061 seconds .

========================================================================
Received Import Request.
  Time since last request: 6.169096 seconds.
  path: Assets/Prefabs/Good 2.prefab
  artifactKey: Guid(0a7bd7a2283a554459b36cb67609e202) Importer(815301076,1909f56bfc062723c751e8b465ee728b)
Start importing Assets/Prefabs/Good 2.prefab using Guid(0a7bd7a2283a554459b36cb67609e202) Importer(815301076,1909f56bfc062723c751e8b465ee728b)  -> (artifact id: 'dc9b9fdb4d22fa2836ac7f98bb63a0be') in 0.012966 seconds
  Import took 0.016591 seconds .

========================================================================
Received Import Request.
  Time since last request: 0.518010 seconds.
  path: Assets/Prefabs/Good 3.prefab
  artifactKey: Guid(d3d0b784c16bfb64d8fc4d34be8f5315) Importer(815301076,1909f56bfc062723c751e8b465ee728b)
Start importing Assets/Prefabs/Good 3.prefab using Guid(d3d0b784c16bfb64d8fc4d34be8f5315) Importer(815301076,1909f56bfc062723c751e8b465ee728b)  -> (artifact id: 'f631a5beee13eea04a6fa385358f1056') in 0.011489 seconds
  Import took 0.014630 seconds .

========================================================================
Received Import Request.
  Time since last request: 6.588439 seconds.
  path: Assets/Prefabs/Good 3.prefab
  artifactKey: Guid(d3d0b784c16bfb64d8fc4d34be8f5315) Importer(815301076,1909f56bfc062723c751e8b465ee728b)
Start importing Assets/Prefabs/Good 3.prefab using Guid(d3d0b784c16bfb64d8fc4d34be8f5315) Importer(815301076,1909f56bfc062723c751e8b465ee728b)  -> (artifact id: 'a9523018101b0568e2b481d941f3e7a7') in 0.013851 seconds
  Import took 0.017032 seconds .

========================================================================
Received Prepare
Registering precompiled user dll's ...
Registered in 0.007692 seconds.
Begin MonoManager ReloadAssembly
Native extension for WindowsStandalone target not found
Native extension for WebGL target not found
Refreshing native plugins compatible for Editor in 0.31 ms, found 2 plugins.
Preloading 0 native plugins for Editor in 0.00 ms.
Mono: successfully reloaded assembly
- Completed reload, in  1.014 seconds
Platform modules already initialized, skipping
Refreshing native plugins compatible for Editor in 0.34 ms, found 2 plugins.
Preloading 0 native plugins for Editor in 0.00 ms.
Unloading 1397 Unused Serialized files (Serialized files now loaded: 0)
System memory in use before: 71.2 MB.
System memory in use after: 70.6 MB.

Unloading 27 unused Assets to reduce memory usage. Loaded Objects now: 1866.
Total: 2.531300 ms (FindLiveObjects: 0.168600 ms CreateObjectMapping: 0.048700 ms MarkObjects: 1.915500 ms  DeleteObjects: 0.397400 ms)

AssetImportWorkerClient::OnTransportError - code=2 error=End of file
